
*** Running vivado
    with args -log Wrapper.vds -m64 -product Vivado -mode batch -messageDb vivado.pb -notrace -source Wrapper.tcl


ECHO is off.
ECHO is off.

****** Vivado v2023.2 (64-bit)
  **** SW Build 4029153 on Fri Oct 13 20:14:34 MDT 2023
  **** IP Build 4028589 on Sat Oct 14 00:45:43 MDT 2023
  **** SharedData Build 4025554 on Tue Oct 10 17:18:54 MDT 2023
    ** Copyright 1986-2022 Xilinx, Inc. All Rights Reserved.
    ** Copyright 2022-2023 Advanced Micro Devices, Inc. All Rights Reserved.

source Wrapper.tcl -notrace
create_project: Time (s): cpu = 00:00:06 ; elapsed = 00:00:07 . Memory (MB): peak = 474.430 ; gain = 179.758
Command: synth_design -top Wrapper -part xc7a100tcsg324-1
Starting synth_design
Attempting to get a license for feature 'Synthesis' and/or device 'xc7a100t'
INFO: [Common 17-349] Got license for feature 'Synthesis' and/or device 'xc7a100t'
INFO: [Device 21-403] Loading part xc7a100tcsg324-1
INFO: [Synth 8-7079] Multithreading enabled for synth_design using a maximum of 2 processes.
INFO: [Synth 8-7078] Launching helper process for spawning children vivado processes
INFO: [Synth 8-7075] Helper process launched with PID 48096
---------------------------------------------------------------------------------
Starting RTL Elaboration : Time (s): cpu = 00:00:04 ; elapsed = 00:00:04 . Memory (MB): peak = 1336.773 ; gain = 439.148
---------------------------------------------------------------------------------
WARNING: [Synth 8-6901] identifier 'stall' is used before its declaration [C:/DUKE/ECE350/ECE350-CPU/adc/adc.srcs/sources_1/imports/toolchain/main/proc/processor/processor.v:94]
WARNING: [Synth 8-6901] identifier 'ifid_instr_out' is used before its declaration [C:/DUKE/ECE350/ECE350-CPU/adc/adc.srcs/sources_1/imports/toolchain/main/proc/processor/processor.v:121]
WARNING: [Synth 8-6901] identifier 'ifid_instr_out' is used before its declaration [C:/DUKE/ECE350/ECE350-CPU/adc/adc.srcs/sources_1/imports/toolchain/main/proc/processor/processor.v:122]
WARNING: [Synth 8-6901] identifier 'ifid_instr_out' is used before its declaration [C:/DUKE/ECE350/ECE350-CPU/adc/adc.srcs/sources_1/imports/toolchain/main/proc/processor/processor.v:123]
WARNING: [Synth 8-6901] identifier 'ifid_instr_out' is used before its declaration [C:/DUKE/ECE350/ECE350-CPU/adc/adc.srcs/sources_1/imports/toolchain/main/proc/processor/processor.v:127]
WARNING: [Synth 8-6901] identifier 'ifid_instr_out' is used before its declaration [C:/DUKE/ECE350/ECE350-CPU/adc/adc.srcs/sources_1/imports/toolchain/main/proc/processor/processor.v:130]
WARNING: [Synth 8-6901] identifier 'ifid_instr_out' is used before its declaration [C:/DUKE/ECE350/ECE350-CPU/adc/adc.srcs/sources_1/imports/toolchain/main/proc/processor/processor.v:135]
WARNING: [Synth 8-6901] identifier 'ifid_instr_out' is used before its declaration [C:/DUKE/ECE350/ECE350-CPU/adc/adc.srcs/sources_1/imports/toolchain/main/proc/processor/processor.v:136]
WARNING: [Synth 8-6901] identifier 'ifid_instr_out' is used before its declaration [C:/DUKE/ECE350/ECE350-CPU/adc/adc.srcs/sources_1/imports/toolchain/main/proc/processor/processor.v:137]
WARNING: [Synth 8-6901] identifier 'ifid_instr_out' is used before its declaration [C:/DUKE/ECE350/ECE350-CPU/adc/adc.srcs/sources_1/imports/toolchain/main/proc/processor/processor.v:137]
WARNING: [Synth 8-6901] identifier 'branchTaken' is used before its declaration [C:/DUKE/ECE350/ECE350-CPU/adc/adc.srcs/sources_1/imports/toolchain/main/proc/processor/processor.v:149]
WARNING: [Synth 8-6901] identifier 'bexTaken' is used before its declaration [C:/DUKE/ECE350/ECE350-CPU/adc/adc.srcs/sources_1/imports/toolchain/main/proc/processor/processor.v:152]
WARNING: [Synth 8-6901] identifier 'bex_address' is used before its declaration [C:/DUKE/ECE350/ECE350-CPU/adc/adc.srcs/sources_1/imports/toolchain/main/proc/processor/processor.v:152]
WARNING: [Synth 8-6901] identifier 'branchTaken' is used before its declaration [C:/DUKE/ECE350/ECE350-CPU/adc/adc.srcs/sources_1/imports/toolchain/main/proc/processor/processor.v:153]
WARNING: [Synth 8-6901] identifier 'branchTaken' is used before its declaration [C:/DUKE/ECE350/ECE350-CPU/adc/adc.srcs/sources_1/imports/toolchain/main/proc/processor/processor.v:165]
WARNING: [Synth 8-6901] identifier 'bexTaken' is used before its declaration [C:/DUKE/ECE350/ECE350-CPU/adc/adc.srcs/sources_1/imports/toolchain/main/proc/processor/processor.v:165]
WARNING: [Synth 8-6901] identifier 'stall' is used before its declaration [C:/DUKE/ECE350/ECE350-CPU/adc/adc.srcs/sources_1/imports/toolchain/main/proc/processor/processor.v:167]
WARNING: [Synth 8-6901] identifier 'stall' is used before its declaration [C:/DUKE/ECE350/ECE350-CPU/adc/adc.srcs/sources_1/imports/toolchain/main/proc/processor/processor.v:248]
WARNING: [Synth 8-6901] identifier 'db2_data_out_real' is used before its declaration [C:/DUKE/ECE350/ECE350-CPU/adc/adc.srcs/sources_1/imports/toolchain/main/proc/SDF-FFT/sdf.v:170]
WARNING: [Synth 8-6901] identifier 'db2_data_out_imag' is used before its declaration [C:/DUKE/ECE350/ECE350-CPU/adc/adc.srcs/sources_1/imports/toolchain/main/proc/SDF-FFT/sdf.v:171]
INFO: [Synth 8-11241] undeclared symbol 'clock', assumed default net type 'wire' [C:/DUKE/ECE350/ECE350-CPU/adc/adc.srcs/sources_1/imports/toolchain/main/proc/processor/Wrapper.v:42]
WARNING: [Synth 8-6901] identifier 'clk_40mhz' is used before its declaration [C:/DUKE/ECE350/ECE350-CPU/adc/adc.srcs/sources_1/imports/toolchain/main/proc/processor/Wrapper.v:42]
WARNING: [Synth 8-6901] identifier 'adc_out' is used before its declaration [C:/DUKE/ECE350/ECE350-CPU/adc/adc.srcs/sources_1/imports/toolchain/main/proc/processor/Wrapper.v:63]
INFO: [Synth 8-6157] synthesizing module 'Wrapper' [C:/DUKE/ECE350/ECE350-CPU/adc/adc.srcs/sources_1/imports/toolchain/main/proc/processor/Wrapper.v:27]
INFO: [Synth 8-6157] synthesizing module 'clk_wiz_0' [C:/DUKE/ECE350/ECE350-CPU/adc/adc.runs/synth_1/.Xil/Vivado-28480-Liam-Laptop/realtime/clk_wiz_0_stub.v:6]
INFO: [Synth 8-6155] done synthesizing module 'clk_wiz_0' (0#1) [C:/DUKE/ECE350/ECE350-CPU/adc/adc.runs/synth_1/.Xil/Vivado-28480-Liam-Laptop/realtime/clk_wiz_0_stub.v:6]
INFO: [Synth 8-6157] synthesizing module 'adc_data_capture' [C:/DUKE/ECE350/ECE350-CPU/adc/adc.srcs/sources_1/imports/vivado/adc_data_capture.v:2]
INFO: [Synth 8-6157] synthesizing module 'xadc_wiz_0' [C:/DUKE/ECE350/ECE350-CPU/adc/adc.runs/synth_1/.Xil/Vivado-28480-Liam-Laptop/realtime/xadc_wiz_0_stub.v:6]
INFO: [Synth 8-6155] done synthesizing module 'xadc_wiz_0' (0#1) [C:/DUKE/ECE350/ECE350-CPU/adc/adc.runs/synth_1/.Xil/Vivado-28480-Liam-Laptop/realtime/xadc_wiz_0_stub.v:6]
WARNING: [Synth 8-7071] port 'busy_out' of module 'xadc_wiz_0' is unconnected for instance 'xadc_inst' [C:/DUKE/ECE350/ECE350-CPU/adc/adc.srcs/sources_1/imports/vivado/adc_data_capture.v:14]
WARNING: [Synth 8-7071] port 'channel_out' of module 'xadc_wiz_0' is unconnected for instance 'xadc_inst' [C:/DUKE/ECE350/ECE350-CPU/adc/adc.srcs/sources_1/imports/vivado/adc_data_capture.v:14]
WARNING: [Synth 8-7071] port 'eoc_out' of module 'xadc_wiz_0' is unconnected for instance 'xadc_inst' [C:/DUKE/ECE350/ECE350-CPU/adc/adc.srcs/sources_1/imports/vivado/adc_data_capture.v:14]
WARNING: [Synth 8-7071] port 'eos_out' of module 'xadc_wiz_0' is unconnected for instance 'xadc_inst' [C:/DUKE/ECE350/ECE350-CPU/adc/adc.srcs/sources_1/imports/vivado/adc_data_capture.v:14]
WARNING: [Synth 8-7071] port 'alarm_out' of module 'xadc_wiz_0' is unconnected for instance 'xadc_inst' [C:/DUKE/ECE350/ECE350-CPU/adc/adc.srcs/sources_1/imports/vivado/adc_data_capture.v:14]
WARNING: [Synth 8-7023] instance 'xadc_inst' of module 'xadc_wiz_0' has 17 connections declared, but only 12 given [C:/DUKE/ECE350/ECE350-CPU/adc/adc.srcs/sources_1/imports/vivado/adc_data_capture.v:14]
INFO: [Synth 8-6155] done synthesizing module 'adc_data_capture' (0#1) [C:/DUKE/ECE350/ECE350-CPU/adc/adc.srcs/sources_1/imports/vivado/adc_data_capture.v:2]
INFO: [Synth 8-6157] synthesizing module 'processor' [C:/DUKE/ECE350/ECE350-CPU/adc/adc.srcs/sources_1/imports/toolchain/main/proc/processor/processor.v:20]
INFO: [Synth 8-6157] synthesizing module 'registerDFFE' [C:/DUKE/ECE350/ECE350-CPU/adc/adc.srcs/sources_1/imports/toolchain/main/proc/processor/registerDFFE.v:1]
	Parameter WIDTH bound to: 32 - type: integer 
INFO: [Synth 8-6157] synthesizing module 'dffe_ref' [C:/DUKE/ECE350/ECE350-CPU/adc/adc.srcs/sources_1/imports/toolchain/main/proc/processor/dffe_ref.v:1]
INFO: [Synth 8-6155] done synthesizing module 'dffe_ref' (0#1) [C:/DUKE/ECE350/ECE350-CPU/adc/adc.srcs/sources_1/imports/toolchain/main/proc/processor/dffe_ref.v:1]
INFO: [Synth 8-6155] done synthesizing module 'registerDFFE' (0#1) [C:/DUKE/ECE350/ECE350-CPU/adc/adc.srcs/sources_1/imports/toolchain/main/proc/processor/registerDFFE.v:1]
INFO: [Synth 8-6157] synthesizing module 'alu' [C:/DUKE/ECE350/ECE350-CPU/adc/adc.srcs/sources_1/imports/toolchain/main/proc/processor/alu.v:1]
INFO: [Synth 8-6157] synthesizing module 'cla_32' [C:/DUKE/ECE350/ECE350-CPU/adc/adc.srcs/sources_1/imports/toolchain/main/proc/processor/cla_32.v:1]
INFO: [Synth 8-6157] synthesizing module 'cla_8' [C:/DUKE/ECE350/ECE350-CPU/adc/adc.srcs/sources_1/imports/toolchain/main/proc/processor/cla_8.v:1]
INFO: [Synth 8-6157] synthesizing module 'gen_prop' [C:/DUKE/ECE350/ECE350-CPU/adc/adc.srcs/sources_1/imports/toolchain/main/proc/processor/gen_prop.v:1]
INFO: [Synth 8-6155] done synthesizing module 'gen_prop' (0#1) [C:/DUKE/ECE350/ECE350-CPU/adc/adc.srcs/sources_1/imports/toolchain/main/proc/processor/gen_prop.v:1]
INFO: [Synth 8-6155] done synthesizing module 'cla_8' (0#1) [C:/DUKE/ECE350/ECE350-CPU/adc/adc.srcs/sources_1/imports/toolchain/main/proc/processor/cla_8.v:1]
INFO: [Synth 8-6155] done synthesizing module 'cla_32' (0#1) [C:/DUKE/ECE350/ECE350-CPU/adc/adc.srcs/sources_1/imports/toolchain/main/proc/processor/cla_32.v:1]
INFO: [Synth 8-6157] synthesizing module 'my_sub' [C:/DUKE/ECE350/ECE350-CPU/adc/adc.srcs/sources_1/imports/toolchain/main/proc/processor/my_sub.v:1]
INFO: [Synth 8-6157] synthesizing module 'not_equal' [C:/DUKE/ECE350/ECE350-CPU/adc/adc.srcs/sources_1/imports/toolchain/main/proc/processor/not_equal.v:1]
INFO: [Synth 8-6155] done synthesizing module 'not_equal' (0#1) [C:/DUKE/ECE350/ECE350-CPU/adc/adc.srcs/sources_1/imports/toolchain/main/proc/processor/not_equal.v:1]
INFO: [Synth 8-6155] done synthesizing module 'my_sub' (0#1) [C:/DUKE/ECE350/ECE350-CPU/adc/adc.srcs/sources_1/imports/toolchain/main/proc/processor/my_sub.v:1]
INFO: [Synth 8-6157] synthesizing module 'my_and' [C:/DUKE/ECE350/ECE350-CPU/adc/adc.srcs/sources_1/imports/toolchain/main/proc/processor/my_and.v:1]
INFO: [Synth 8-6155] done synthesizing module 'my_and' (0#1) [C:/DUKE/ECE350/ECE350-CPU/adc/adc.srcs/sources_1/imports/toolchain/main/proc/processor/my_and.v:1]
INFO: [Synth 8-6157] synthesizing module 'my_or' [C:/DUKE/ECE350/ECE350-CPU/adc/adc.srcs/sources_1/imports/toolchain/main/proc/processor/my_or.v:1]
INFO: [Synth 8-6155] done synthesizing module 'my_or' (0#1) [C:/DUKE/ECE350/ECE350-CPU/adc/adc.srcs/sources_1/imports/toolchain/main/proc/processor/my_or.v:1]
INFO: [Synth 8-6157] synthesizing module 'my_sll' [C:/DUKE/ECE350/ECE350-CPU/adc/adc.srcs/sources_1/imports/toolchain/main/proc/processor/my_sll.v:5]
INFO: [Synth 8-6155] done synthesizing module 'my_sll' (0#1) [C:/DUKE/ECE350/ECE350-CPU/adc/adc.srcs/sources_1/imports/toolchain/main/proc/processor/my_sll.v:5]
INFO: [Synth 8-6157] synthesizing module 'my_sra' [C:/DUKE/ECE350/ECE350-CPU/adc/adc.srcs/sources_1/imports/toolchain/main/proc/processor/my_sra.v:7]
INFO: [Synth 8-6155] done synthesizing module 'my_sra' (0#1) [C:/DUKE/ECE350/ECE350-CPU/adc/adc.srcs/sources_1/imports/toolchain/main/proc/processor/my_sra.v:7]
INFO: [Synth 8-6157] synthesizing module 'my_mux_8' [C:/DUKE/ECE350/ECE350-CPU/adc/adc.srcs/sources_1/imports/toolchain/main/proc/processor/my_mux_8.v:5]
INFO: [Synth 8-6155] done synthesizing module 'my_mux_8' (0#1) [C:/DUKE/ECE350/ECE350-CPU/adc/adc.srcs/sources_1/imports/toolchain/main/proc/processor/my_mux_8.v:5]
INFO: [Synth 8-6155] done synthesizing module 'alu' (0#1) [C:/DUKE/ECE350/ECE350-CPU/adc/adc.srcs/sources_1/imports/toolchain/main/proc/processor/alu.v:1]
INFO: [Synth 8-6157] synthesizing module 'registerDFFE__parameterized0' [C:/DUKE/ECE350/ECE350-CPU/adc/adc.srcs/sources_1/imports/toolchain/main/proc/processor/registerDFFE.v:1]
	Parameter WIDTH bound to: 1 - type: integer 
INFO: [Synth 8-6155] done synthesizing module 'registerDFFE__parameterized0' (0#1) [C:/DUKE/ECE350/ECE350-CPU/adc/adc.srcs/sources_1/imports/toolchain/main/proc/processor/registerDFFE.v:1]
INFO: [Synth 8-6157] synthesizing module 'counter6' [C:/DUKE/ECE350/ECE350-CPU/adc/adc.srcs/sources_1/imports/toolchain/main/proc/processor/counter6.v:1]
INFO: [Synth 8-6157] synthesizing module 'tff' [C:/DUKE/ECE350/ECE350-CPU/adc/adc.srcs/sources_1/imports/toolchain/main/proc/processor/tff.v:1]
INFO: [Synth 8-6155] done synthesizing module 'tff' (0#1) [C:/DUKE/ECE350/ECE350-CPU/adc/adc.srcs/sources_1/imports/toolchain/main/proc/processor/tff.v:1]
INFO: [Synth 8-6155] done synthesizing module 'counter6' (0#1) [C:/DUKE/ECE350/ECE350-CPU/adc/adc.srcs/sources_1/imports/toolchain/main/proc/processor/counter6.v:1]
INFO: [Synth 8-6157] synthesizing module 'multdiv' [C:/DUKE/ECE350/ECE350-CPU/adc/adc.srcs/sources_1/imports/toolchain/main/proc/processor/multdiv.v:1]
INFO: [Synth 8-6157] synthesizing module 'multiplier' [C:/DUKE/ECE350/ECE350-CPU/adc/adc.srcs/sources_1/imports/toolchain/main/proc/processor/multiplier.v:1]
WARNING: [Synth 8-6090] variable 'P' is written by both blocking and non-blocking assignments, entire logic could be removed [C:/DUKE/ECE350/ECE350-CPU/adc/adc.srcs/sources_1/imports/toolchain/main/proc/processor/multiplier.v:52]
INFO: [Synth 8-6155] done synthesizing module 'multiplier' (0#1) [C:/DUKE/ECE350/ECE350-CPU/adc/adc.srcs/sources_1/imports/toolchain/main/proc/processor/multiplier.v:1]
INFO: [Synth 8-6157] synthesizing module 'divider' [C:/DUKE/ECE350/ECE350-CPU/adc/adc.srcs/sources_1/imports/toolchain/main/proc/processor/divider.v:1]
INFO: [Synth 8-6155] done synthesizing module 'divider' (0#1) [C:/DUKE/ECE350/ECE350-CPU/adc/adc.srcs/sources_1/imports/toolchain/main/proc/processor/divider.v:1]
INFO: [Synth 8-6155] done synthesizing module 'multdiv' (0#1) [C:/DUKE/ECE350/ECE350-CPU/adc/adc.srcs/sources_1/imports/toolchain/main/proc/processor/multdiv.v:1]
INFO: [Synth 8-6157] synthesizing module 'sdf_fft' [C:/DUKE/ECE350/ECE350-CPU/adc/adc.srcs/sources_1/imports/toolchain/main/proc/SDF-FFT/sdf_fft.v:1]
	Parameter WIDTH bound to: 16 - type: integer 
INFO: [Synth 8-6157] synthesizing module 'sdf' [C:/DUKE/ECE350/ECE350-CPU/adc/adc.srcs/sources_1/imports/toolchain/main/proc/SDF-FFT/sdf.v:1]
	Parameter N bound to: 64 - type: integer 
	Parameter M bound to: 64 - type: integer 
	Parameter WIDTH bound to: 16 - type: integer 
INFO: [Synth 8-6157] synthesizing module 'Butterfly' [C:/DUKE/ECE350/ECE350-CPU/adc/adc.srcs/sources_1/imports/toolchain/main/proc/SDF-FFT/Butterfly.v:4]
	Parameter WIDTH bound to: 16 - type: integer 
	Parameter RH bound to: 0 - type: integer 
INFO: [Synth 8-6155] done synthesizing module 'Butterfly' (0#1) [C:/DUKE/ECE350/ECE350-CPU/adc/adc.srcs/sources_1/imports/toolchain/main/proc/SDF-FFT/Butterfly.v:4]
INFO: [Synth 8-6157] synthesizing module 'multi_clock_delay' [C:/DUKE/ECE350/ECE350-CPU/adc/adc.srcs/sources_1/imports/toolchain/main/proc/SDF-FFT/multi_clock_delay.v:1]
	Parameter WIDTH bound to: 16 - type: integer 
	Parameter CYCLES bound to: 32 - type: integer 
INFO: [Synth 8-6157] synthesizing module 'single_clock_delay' [C:/DUKE/ECE350/ECE350-CPU/adc/adc.srcs/sources_1/imports/toolchain/main/proc/SDF-FFT/single_clock_delay.v:1]
	Parameter WIDTH bound to: 16 - type: integer 
INFO: [Synth 8-6155] done synthesizing module 'single_clock_delay' (0#1) [C:/DUKE/ECE350/ECE350-CPU/adc/adc.srcs/sources_1/imports/toolchain/main/proc/SDF-FFT/single_clock_delay.v:1]
INFO: [Synth 8-6155] done synthesizing module 'multi_clock_delay' (0#1) [C:/DUKE/ECE350/ECE350-CPU/adc/adc.srcs/sources_1/imports/toolchain/main/proc/SDF-FFT/multi_clock_delay.v:1]
INFO: [Synth 8-6157] synthesizing module 'Butterfly__parameterized0' [C:/DUKE/ECE350/ECE350-CPU/adc/adc.srcs/sources_1/imports/toolchain/main/proc/SDF-FFT/Butterfly.v:4]
	Parameter WIDTH bound to: 16 - type: integer 
	Parameter RH bound to: 1 - type: integer 
INFO: [Synth 8-6155] done synthesizing module 'Butterfly__parameterized0' (0#1) [C:/DUKE/ECE350/ECE350-CPU/adc/adc.srcs/sources_1/imports/toolchain/main/proc/SDF-FFT/Butterfly.v:4]
INFO: [Synth 8-6157] synthesizing module 'multi_clock_delay__parameterized0' [C:/DUKE/ECE350/ECE350-CPU/adc/adc.srcs/sources_1/imports/toolchain/main/proc/SDF-FFT/multi_clock_delay.v:1]
	Parameter WIDTH bound to: 16 - type: integer 
	Parameter CYCLES bound to: 16 - type: integer 
INFO: [Synth 8-6155] done synthesizing module 'multi_clock_delay__parameterized0' (0#1) [C:/DUKE/ECE350/ECE350-CPU/adc/adc.srcs/sources_1/imports/toolchain/main/proc/SDF-FFT/multi_clock_delay.v:1]
INFO: [Synth 8-6157] synthesizing module 'Twiddle64' [C:/DUKE/ECE350/ECE350-CPU/adc/adc.srcs/sources_1/imports/toolchain/main/proc/SDF-FFT/Twiddle64.v:4]
INFO: [Synth 8-6155] done synthesizing module 'Twiddle64' (0#1) [C:/DUKE/ECE350/ECE350-CPU/adc/adc.srcs/sources_1/imports/toolchain/main/proc/SDF-FFT/Twiddle64.v:4]
INFO: [Synth 8-6157] synthesizing module 'mult' [C:/DUKE/ECE350/ECE350-CPU/adc/adc.srcs/sources_1/imports/toolchain/main/proc/SDF-FFT/mult.v:4]
	Parameter WIDTH bound to: 16 - type: integer 
INFO: [Synth 8-6155] done synthesizing module 'mult' (0#1) [C:/DUKE/ECE350/ECE350-CPU/adc/adc.srcs/sources_1/imports/toolchain/main/proc/SDF-FFT/mult.v:4]
INFO: [Synth 8-6155] done synthesizing module 'sdf' (0#1) [C:/DUKE/ECE350/ECE350-CPU/adc/adc.srcs/sources_1/imports/toolchain/main/proc/SDF-FFT/sdf.v:1]
INFO: [Synth 8-6157] synthesizing module 'sdf__parameterized0' [C:/DUKE/ECE350/ECE350-CPU/adc/adc.srcs/sources_1/imports/toolchain/main/proc/SDF-FFT/sdf.v:1]
	Parameter N bound to: 64 - type: integer 
	Parameter M bound to: 16 - type: integer 
	Parameter WIDTH bound to: 16 - type: integer 
INFO: [Synth 8-6157] synthesizing module 'multi_clock_delay__parameterized1' [C:/DUKE/ECE350/ECE350-CPU/adc/adc.srcs/sources_1/imports/toolchain/main/proc/SDF-FFT/multi_clock_delay.v:1]
	Parameter WIDTH bound to: 16 - type: integer 
	Parameter CYCLES bound to: 8 - type: integer 
INFO: [Synth 8-6155] done synthesizing module 'multi_clock_delay__parameterized1' (0#1) [C:/DUKE/ECE350/ECE350-CPU/adc/adc.srcs/sources_1/imports/toolchain/main/proc/SDF-FFT/multi_clock_delay.v:1]
INFO: [Synth 8-6157] synthesizing module 'multi_clock_delay__parameterized2' [C:/DUKE/ECE350/ECE350-CPU/adc/adc.srcs/sources_1/imports/toolchain/main/proc/SDF-FFT/multi_clock_delay.v:1]
	Parameter WIDTH bound to: 16 - type: integer 
	Parameter CYCLES bound to: 4 - type: integer 
INFO: [Synth 8-6155] done synthesizing module 'multi_clock_delay__parameterized2' (0#1) [C:/DUKE/ECE350/ECE350-CPU/adc/adc.srcs/sources_1/imports/toolchain/main/proc/SDF-FFT/multi_clock_delay.v:1]
INFO: [Synth 8-6155] done synthesizing module 'sdf__parameterized0' (0#1) [C:/DUKE/ECE350/ECE350-CPU/adc/adc.srcs/sources_1/imports/toolchain/main/proc/SDF-FFT/sdf.v:1]
INFO: [Synth 8-6157] synthesizing module 'sdf__parameterized1' [C:/DUKE/ECE350/ECE350-CPU/adc/adc.srcs/sources_1/imports/toolchain/main/proc/SDF-FFT/sdf.v:1]
	Parameter N bound to: 64 - type: integer 
	Parameter M bound to: 4 - type: integer 
	Parameter WIDTH bound to: 16 - type: integer 
INFO: [Synth 8-6157] synthesizing module 'multi_clock_delay__parameterized3' [C:/DUKE/ECE350/ECE350-CPU/adc/adc.srcs/sources_1/imports/toolchain/main/proc/SDF-FFT/multi_clock_delay.v:1]
	Parameter WIDTH bound to: 16 - type: integer 
	Parameter CYCLES bound to: 2 - type: integer 
INFO: [Synth 8-6155] done synthesizing module 'multi_clock_delay__parameterized3' (0#1) [C:/DUKE/ECE350/ECE350-CPU/adc/adc.srcs/sources_1/imports/toolchain/main/proc/SDF-FFT/multi_clock_delay.v:1]
INFO: [Synth 8-6157] synthesizing module 'multi_clock_delay__parameterized4' [C:/DUKE/ECE350/ECE350-CPU/adc/adc.srcs/sources_1/imports/toolchain/main/proc/SDF-FFT/multi_clock_delay.v:1]
	Parameter WIDTH bound to: 16 - type: integer 
	Parameter CYCLES bound to: 1 - type: integer 
INFO: [Synth 8-6155] done synthesizing module 'multi_clock_delay__parameterized4' (0#1) [C:/DUKE/ECE350/ECE350-CPU/adc/adc.srcs/sources_1/imports/toolchain/main/proc/SDF-FFT/multi_clock_delay.v:1]
INFO: [Synth 8-6155] done synthesizing module 'sdf__parameterized1' (0#1) [C:/DUKE/ECE350/ECE350-CPU/adc/adc.srcs/sources_1/imports/toolchain/main/proc/SDF-FFT/sdf.v:1]
INFO: [Synth 8-6155] done synthesizing module 'sdf_fft' (0#1) [C:/DUKE/ECE350/ECE350-CPU/adc/adc.srcs/sources_1/imports/toolchain/main/proc/SDF-FFT/sdf_fft.v:1]
INFO: [Synth 8-6157] synthesizing module 'wallace_16' [C:/DUKE/ECE350/ECE350-CPU/adc/adc.srcs/sources_1/imports/toolchain/main/proc/SDF-FFT/wallace_16.v:1]
INFO: [Synth 8-6157] synthesizing module 'full_adder' [C:/DUKE/ECE350/ECE350-CPU/adc/adc.srcs/sources_1/imports/toolchain/main/proc/processor/full_adder.v:1]
INFO: [Synth 8-6155] done synthesizing module 'full_adder' (0#1) [C:/DUKE/ECE350/ECE350-CPU/adc/adc.srcs/sources_1/imports/toolchain/main/proc/processor/full_adder.v:1]
INFO: [Synth 8-6155] done synthesizing module 'wallace_16' (0#1) [C:/DUKE/ECE350/ECE350-CPU/adc/adc.srcs/sources_1/imports/toolchain/main/proc/SDF-FFT/wallace_16.v:1]
INFO: [Synth 8-6157] synthesizing module 'sdf_ifft' [C:/DUKE/ECE350/ECE350-CPU/adc/adc.srcs/sources_1/imports/toolchain/main/proc/SDF-FFT/sdf_ifft.v:1]
	Parameter WIDTH bound to: 16 - type: integer 
INFO: [Synth 8-6155] done synthesizing module 'sdf_ifft' (0#1) [C:/DUKE/ECE350/ECE350-CPU/adc/adc.srcs/sources_1/imports/toolchain/main/proc/SDF-FFT/sdf_ifft.v:1]
INFO: [Synth 8-6155] done synthesizing module 'processor' (0#1) [C:/DUKE/ECE350/ECE350-CPU/adc/adc.srcs/sources_1/imports/toolchain/main/proc/processor/processor.v:20]
INFO: [Synth 8-6157] synthesizing module 'ROM' [C:/DUKE/ECE350/ECE350-CPU/adc/adc.srcs/sources_1/imports/toolchain/main/proc/processor/ROM.v:2]
	Parameter MEMFILE bound to: 56'b01100110011001100111010000101110011011010110010101101101 
INFO: [Synth 8-3876] $readmem data file 'fft.mem' is read successfully [C:/DUKE/ECE350/ECE350-CPU/adc/adc.srcs/sources_1/imports/toolchain/main/proc/processor/ROM.v:11]
INFO: [Synth 8-6155] done synthesizing module 'ROM' (0#1) [C:/DUKE/ECE350/ECE350-CPU/adc/adc.srcs/sources_1/imports/toolchain/main/proc/processor/ROM.v:2]
INFO: [Synth 8-6157] synthesizing module 'regfile' [C:/DUKE/ECE350/ECE350-CPU/adc/adc.srcs/sources_1/imports/toolchain/main/proc/processor/regfile.v:4]
INFO: [Synth 8-6157] synthesizing module 'mux_32' [C:/DUKE/ECE350/ECE350-CPU/adc/adc.srcs/sources_1/imports/toolchain/main/proc/processor/mux_32.v:1]
INFO: [Synth 8-6157] synthesizing module 'mux_8' [C:/DUKE/ECE350/ECE350-CPU/adc/adc.srcs/sources_1/imports/toolchain/main/proc/processor/mux_8.v:5]
INFO: [Synth 8-6155] done synthesizing module 'mux_8' (0#1) [C:/DUKE/ECE350/ECE350-CPU/adc/adc.srcs/sources_1/imports/toolchain/main/proc/processor/mux_8.v:5]
INFO: [Synth 8-6157] synthesizing module 'mux_4' [C:/DUKE/ECE350/ECE350-CPU/adc/adc.srcs/sources_1/imports/toolchain/main/proc/processor/mux_4.v:1]
INFO: [Synth 8-6157] synthesizing module 'mux_2' [C:/DUKE/ECE350/ECE350-CPU/adc/adc.srcs/sources_1/imports/toolchain/main/proc/processor/mux_2.v:1]
INFO: [Synth 8-6155] done synthesizing module 'mux_2' (0#1) [C:/DUKE/ECE350/ECE350-CPU/adc/adc.srcs/sources_1/imports/toolchain/main/proc/processor/mux_2.v:1]
INFO: [Synth 8-6155] done synthesizing module 'mux_4' (0#1) [C:/DUKE/ECE350/ECE350-CPU/adc/adc.srcs/sources_1/imports/toolchain/main/proc/processor/mux_4.v:1]
INFO: [Synth 8-6155] done synthesizing module 'mux_32' (0#1) [C:/DUKE/ECE350/ECE350-CPU/adc/adc.srcs/sources_1/imports/toolchain/main/proc/processor/mux_32.v:1]
INFO: [Synth 8-6155] done synthesizing module 'regfile' (0#1) [C:/DUKE/ECE350/ECE350-CPU/adc/adc.srcs/sources_1/imports/toolchain/main/proc/processor/regfile.v:4]
INFO: [Synth 8-6157] synthesizing module 'RAM' [C:/DUKE/ECE350/ECE350-CPU/adc/adc.srcs/sources_1/imports/toolchain/main/proc/processor/RAM.v:2]
INFO: [Synth 8-6155] done synthesizing module 'RAM' (0#1) [C:/DUKE/ECE350/ECE350-CPU/adc/adc.srcs/sources_1/imports/toolchain/main/proc/processor/RAM.v:2]
INFO: [Synth 8-6155] done synthesizing module 'Wrapper' (0#1) [C:/DUKE/ECE350/ECE350-CPU/adc/adc.srcs/sources_1/imports/toolchain/main/proc/processor/Wrapper.v:27]
WARNING: [Synth 8-6014] Unused sequential element diff_reg was removed.  [C:/DUKE/ECE350/ECE350-CPU/adc/adc.srcs/sources_1/imports/toolchain/main/proc/processor/divider.v:74]
WARNING: [Synth 8-6014] Unused sequential element mu_data_out_real_reg was removed.  [C:/DUKE/ECE350/ECE350-CPU/adc/adc.srcs/sources_1/imports/toolchain/main/proc/SDF-FFT/sdf.v:267]
WARNING: [Synth 8-6014] Unused sequential element mu_data_out_imag_reg was removed.  [C:/DUKE/ECE350/ECE350-CPU/adc/adc.srcs/sources_1/imports/toolchain/main/proc/SDF-FFT/sdf.v:268]
WARNING: [Synth 8-6014] Unused sequential element mu_data_out_en_reg was removed.  [C:/DUKE/ECE350/ECE350-CPU/adc/adc.srcs/sources_1/imports/toolchain/main/proc/SDF-FFT/sdf.v:272]
WARNING: [Synth 8-6014] Unused sequential element mu_en_reg was removed.  [C:/DUKE/ECE350/ECE350-CPU/adc/adc.srcs/sources_1/imports/toolchain/main/proc/SDF-FFT/sdf.v:253]
WARNING: [Synth 8-7137] Register ifft_in_im_reg in module processor has both Set and reset with same priority. This may cause simulation mismatches. Consider rewriting code  [C:/DUKE/ECE350/ECE350-CPU/adc/adc.srcs/sources_1/imports/toolchain/main/proc/processor/processor.v:431]
WARNING: [Synth 8-7129] Port select[4] in module my_mux_8 is either unconnected or has no load
WARNING: [Synth 8-7129] Port select[3] in module my_mux_8 is either unconnected or has no load
---------------------------------------------------------------------------------
Finished RTL Elaboration : Time (s): cpu = 00:00:07 ; elapsed = 00:00:09 . Memory (MB): peak = 1523.855 ; gain = 626.230
---------------------------------------------------------------------------------
---------------------------------------------------------------------------------
Start Handling Custom Attributes
---------------------------------------------------------------------------------
---------------------------------------------------------------------------------
Finished Handling Custom Attributes : Time (s): cpu = 00:00:07 ; elapsed = 00:00:09 . Memory (MB): peak = 1523.855 ; gain = 626.230
---------------------------------------------------------------------------------
---------------------------------------------------------------------------------
Finished RTL Optimization Phase 1 : Time (s): cpu = 00:00:07 ; elapsed = 00:00:09 . Memory (MB): peak = 1523.855 ; gain = 626.230
---------------------------------------------------------------------------------
Netlist sorting complete. Time (s): cpu = 00:00:00 ; elapsed = 00:00:00.347 . Memory (MB): peak = 1523.855 ; gain = 0.000
INFO: [Project 1-570] Preparing netlist for logic optimization

Processing XDC Constraints
Initializing timing engine
Parsing XDC File [c:/DUKE/ECE350/ECE350-CPU/adc/adc.gen/sources_1/ip/clk_wiz_0/clk_wiz_0/clk_wiz_0_in_context.xdc] for cell 'pll'
Finished Parsing XDC File [c:/DUKE/ECE350/ECE350-CPU/adc/adc.gen/sources_1/ip/clk_wiz_0/clk_wiz_0/clk_wiz_0_in_context.xdc] for cell 'pll'
Parsing XDC File [c:/DUKE/ECE350/ECE350-CPU/adc/adc.gen/sources_1/ip/xadc_wiz_0/xadc_wiz_0/xadc_wiz_0_in_context.xdc] for cell 'data_capture/xadc_inst'
Finished Parsing XDC File [c:/DUKE/ECE350/ECE350-CPU/adc/adc.gen/sources_1/ip/xadc_wiz_0/xadc_wiz_0/xadc_wiz_0_in_context.xdc] for cell 'data_capture/xadc_inst'
Parsing XDC File [C:/DUKE/ECE350/ECE350-CPU/adc/adc.srcs/constrs_1/imports/vivado/Nexys-A7-100T-Master.xdc]
Finished Parsing XDC File [C:/DUKE/ECE350/ECE350-CPU/adc/adc.srcs/constrs_1/imports/vivado/Nexys-A7-100T-Master.xdc]
INFO: [Project 1-236] Implementation specific constraints were found while reading constraint file [C:/DUKE/ECE350/ECE350-CPU/adc/adc.srcs/constrs_1/imports/vivado/Nexys-A7-100T-Master.xdc]. These constraints will be ignored for synthesis but will be used in implementation. Impacted constraints are listed in the file [.Xil/Wrapper_propImpl.xdc].
Resolution: To avoid this warning, move constraints listed in [.Xil/Wrapper_propImpl.xdc] to another XDC file and exclude this new file from synthesis with the used_in_synthesis property (File Properties dialog in GUI) and re-run elaboration/synthesis.
Completed Processing XDC Constraints

Netlist sorting complete. Time (s): cpu = 00:00:00 ; elapsed = 00:00:00.049 . Memory (MB): peak = 1650.477 ; gain = 0.000
INFO: [Project 1-111] Unisim Transformation Summary:
No Unisim elements were transformed.

The system cannot find the path specified.
Constraint Validation Runtime : Time (s): cpu = 00:00:01 ; elapsed = 00:00:00.253 . Memory (MB): peak = 1650.477 ; gain = 0.000
---------------------------------------------------------------------------------
Finished Constraint Validation : Time (s): cpu = 00:00:19 ; elapsed = 00:00:22 . Memory (MB): peak = 1650.477 ; gain = 752.852
---------------------------------------------------------------------------------
---------------------------------------------------------------------------------
Start Loading Part and Timing Information
---------------------------------------------------------------------------------
Loading part: xc7a100tcsg324-1
---------------------------------------------------------------------------------
Finished Loading Part and Timing Information : Time (s): cpu = 00:00:19 ; elapsed = 00:00:22 . Memory (MB): peak = 1650.477 ; gain = 752.852
---------------------------------------------------------------------------------
---------------------------------------------------------------------------------
Start Applying 'set_property' XDC Constraints
---------------------------------------------------------------------------------
Applied set_property IO_BUFFER_TYPE = NONE for clk_100mhz. (constraint file  c:/DUKE/ECE350/ECE350-CPU/adc/adc.gen/sources_1/ip/clk_wiz_0/clk_wiz_0/clk_wiz_0_in_context.xdc, line 3).
Applied set_property CLOCK_BUFFER_TYPE = NONE for clk_100mhz. (constraint file  c:/DUKE/ECE350/ECE350-CPU/adc/adc.gen/sources_1/ip/clk_wiz_0/clk_wiz_0/clk_wiz_0_in_context.xdc, line 4).
Applied set_property KEEP_HIERARCHY = SOFT for pll. (constraint file  auto generated constraint).
Applied set_property KEEP_HIERARCHY = SOFT for data_capture/xadc_inst. (constraint file  auto generated constraint).
---------------------------------------------------------------------------------
Finished applying 'set_property' XDC Constraints : Time (s): cpu = 00:00:19 ; elapsed = 00:00:22 . Memory (MB): peak = 1650.477 ; gain = 752.852
---------------------------------------------------------------------------------
---------------------------------------------------------------------------------
Finished RTL Optimization Phase 2 : Time (s): cpu = 00:00:23 ; elapsed = 00:00:26 . Memory (MB): peak = 1650.477 ; gain = 752.852
---------------------------------------------------------------------------------
---------------------------------------------------------------------------------
Start RTL Component Statistics 
---------------------------------------------------------------------------------
Detailed RTL Component Info : 
+---Adders : 
	   2 Input   65 Bit       Adders := 2     
	   3 Input   64 Bit       Adders := 1     
	   2 Input   32 Bit       Adders := 1     
	   2 Input   17 Bit       Adders := 24    
	   3 Input   17 Bit       Adders := 24    
	   3 Input   16 Bit       Adders := 6     
	   2 Input   16 Bit       Adders := 12    
	   2 Input    8 Bit       Adders := 2     
	   2 Input    6 Bit       Adders := 25    
+---XORs : 
	   3 Input      1 Bit         XORs := 3968  
	   2 Input      1 Bit         XORs := 531   
+---Registers : 
	               65 Bit    Registers := 3     
	               64 Bit    Registers := 3     
	               32 Bit    Registers := 3     
	               16 Bit    Registers := 47    
	                8 Bit    Registers := 2     
	                6 Bit    Registers := 22    
	                1 Bit    Registers := 9660  
+---Multipliers : 
	              32x32  Multipliers := 1     
+---RAMs : 
	             128K Bit	(4096 X 32 bit)          RAMs := 1     
+---ROMs : 
	                    ROMs := 13    
+---Muxes : 
	   2 Input   65 Bit        Muxes := 4     
	   3 Input   65 Bit        Muxes := 1     
	   2 Input   64 Bit        Muxes := 2     
	   2 Input   32 Bit        Muxes := 149   
	   4 Input   16 Bit        Muxes := 128   
	   3 Input   16 Bit        Muxes := 32    
	   2 Input   16 Bit        Muxes := 120   
	   2 Input    6 Bit        Muxes := 20    
	   3 Input    6 Bit        Muxes := 1     
	   2 Input    5 Bit        Muxes := 6     
	   5 Input    5 Bit        Muxes := 1     
	   7 Input    3 Bit        Muxes := 1     
	   2 Input    1 Bit        Muxes := 28    
---------------------------------------------------------------------------------
Finished RTL Component Statistics 
---------------------------------------------------------------------------------
---------------------------------------------------------------------------------
Start Part Resource Summary
---------------------------------------------------------------------------------
Part Resources:
DSPs: 240 (col length:80)
BRAMs: 270 (col length: RAMB18 80 RAMB36 40)
---------------------------------------------------------------------------------
Finished Part Resource Summary
---------------------------------------------------------------------------------
---------------------------------------------------------------------------------
Start Cross Boundary and Area Optimization
---------------------------------------------------------------------------------
WARNING: [Synth 8-7080] Parallel synthesis criteria is not met
WARNING: [Synth 8-3936] Found unconnected internal register 'U_IFFT/fwd_fft/SU3/bf2_data_out_imag_reg' and it is trimmed from '16' to '11' bits. [C:/DUKE/ECE350/ECE350-CPU/adc/adc.srcs/sources_1/imports/toolchain/main/proc/SDF-FFT/sdf.v:227]
DSP Report: Generating DSP U_IFFT/fwd_fft/SU1/MU/arbi, operation Mode is: A2*B2.
DSP Report: register U_IFFT/fwd_fft/SU1/TW/ff_imag_reg is absorbed into DSP U_IFFT/fwd_fft/SU1/MU/arbi.
DSP Report: register U_IFFT/fwd_fft/SU1/bf2_data_out_real_reg is absorbed into DSP U_IFFT/fwd_fft/SU1/MU/arbi.
DSP Report: operator U_IFFT/fwd_fft/SU1/MU/arbi is absorbed into DSP U_IFFT/fwd_fft/SU1/MU/arbi.
DSP Report: Generating DSP U_IFFT/fwd_fft/SU1/MU/aibr, operation Mode is: A2*B2.
DSP Report: register U_IFFT/fwd_fft/SU1/TW/ff_real_reg is absorbed into DSP U_IFFT/fwd_fft/SU1/MU/aibr.
DSP Report: register U_IFFT/fwd_fft/SU1/bf2_data_out_imag_reg is absorbed into DSP U_IFFT/fwd_fft/SU1/MU/aibr.
DSP Report: operator U_IFFT/fwd_fft/SU1/MU/aibr is absorbed into DSP U_IFFT/fwd_fft/SU1/MU/aibr.
DSP Report: Generating DSP U_IFFT/fwd_fft/SU1/MU/arbr, operation Mode is: A2*B2.
DSP Report: register U_IFFT/fwd_fft/SU1/TW/ff_real_reg is absorbed into DSP U_IFFT/fwd_fft/SU1/MU/arbr.
DSP Report: register U_IFFT/fwd_fft/SU1/bf2_data_out_real_reg is absorbed into DSP U_IFFT/fwd_fft/SU1/MU/arbr.
DSP Report: operator U_IFFT/fwd_fft/SU1/MU/arbr is absorbed into DSP U_IFFT/fwd_fft/SU1/MU/arbr.
DSP Report: Generating DSP U_IFFT/fwd_fft/SU1/MU/aibi, operation Mode is: A2*B2.
DSP Report: register U_IFFT/fwd_fft/SU1/TW/ff_imag_reg is absorbed into DSP U_IFFT/fwd_fft/SU1/MU/aibi.
DSP Report: register U_IFFT/fwd_fft/SU1/bf2_data_out_imag_reg is absorbed into DSP U_IFFT/fwd_fft/SU1/MU/aibi.
DSP Report: operator U_IFFT/fwd_fft/SU1/MU/aibi is absorbed into DSP U_IFFT/fwd_fft/SU1/MU/aibi.
DSP Report: Generating DSP U_IFFT/fwd_fft/SU2/MU/arbi, operation Mode is: A2*B2.
DSP Report: register U_IFFT/fwd_fft/SU2/TW/ff_imag_reg is absorbed into DSP U_IFFT/fwd_fft/SU2/MU/arbi.
DSP Report: register U_IFFT/fwd_fft/SU2/bf2_data_out_real_reg is absorbed into DSP U_IFFT/fwd_fft/SU2/MU/arbi.
DSP Report: operator U_IFFT/fwd_fft/SU2/MU/arbi is absorbed into DSP U_IFFT/fwd_fft/SU2/MU/arbi.
DSP Report: Generating DSP U_IFFT/fwd_fft/SU2/MU/aibr, operation Mode is: A2*B2.
DSP Report: register U_IFFT/fwd_fft/SU2/TW/ff_real_reg is absorbed into DSP U_IFFT/fwd_fft/SU2/MU/aibr.
DSP Report: register U_IFFT/fwd_fft/SU2/bf2_data_out_imag_reg is absorbed into DSP U_IFFT/fwd_fft/SU2/MU/aibr.
DSP Report: operator U_IFFT/fwd_fft/SU2/MU/aibr is absorbed into DSP U_IFFT/fwd_fft/SU2/MU/aibr.
DSP Report: Generating DSP U_IFFT/fwd_fft/SU2/MU/arbr, operation Mode is: A2*B2.
DSP Report: register U_IFFT/fwd_fft/SU2/TW/ff_real_reg is absorbed into DSP U_IFFT/fwd_fft/SU2/MU/arbr.
DSP Report: register U_IFFT/fwd_fft/SU2/bf2_data_out_real_reg is absorbed into DSP U_IFFT/fwd_fft/SU2/MU/arbr.
DSP Report: operator U_IFFT/fwd_fft/SU2/MU/arbr is absorbed into DSP U_IFFT/fwd_fft/SU2/MU/arbr.
DSP Report: Generating DSP U_IFFT/fwd_fft/SU2/MU/aibi, operation Mode is: A2*B2.
DSP Report: register U_IFFT/fwd_fft/SU2/TW/ff_imag_reg is absorbed into DSP U_IFFT/fwd_fft/SU2/MU/aibi.
DSP Report: register U_IFFT/fwd_fft/SU2/bf2_data_out_imag_reg is absorbed into DSP U_IFFT/fwd_fft/SU2/MU/aibi.
DSP Report: operator U_IFFT/fwd_fft/SU2/MU/aibi is absorbed into DSP U_IFFT/fwd_fft/SU2/MU/aibi.
DSP Report: Generating DSP SU1/MU/arbr, operation Mode is: A2*B2.
DSP Report: register SU1/TW/ff_real_reg is absorbed into DSP SU1/MU/arbr.
DSP Report: register SU1/bf2_data_out_real_reg is absorbed into DSP SU1/MU/arbr.
DSP Report: operator SU1/MU/arbr is absorbed into DSP SU1/MU/arbr.
DSP Report: Generating DSP SU1/MU/aibi, operation Mode is: A2*B2.
DSP Report: register SU1/TW/ff_imag_reg is absorbed into DSP SU1/MU/aibi.
DSP Report: register SU1/bf2_data_out_imag_reg is absorbed into DSP SU1/MU/aibi.
DSP Report: operator SU1/MU/aibi is absorbed into DSP SU1/MU/aibi.
DSP Report: Generating DSP SU1/MU/arbi, operation Mode is: A2*B2.
DSP Report: register SU1/TW/ff_imag_reg is absorbed into DSP SU1/MU/arbi.
DSP Report: register SU1/bf2_data_out_real_reg is absorbed into DSP SU1/MU/arbi.
DSP Report: operator SU1/MU/arbi is absorbed into DSP SU1/MU/arbi.
DSP Report: Generating DSP SU1/MU/aibr, operation Mode is: A2*B2.
DSP Report: register SU1/TW/ff_real_reg is absorbed into DSP SU1/MU/aibr.
DSP Report: register SU1/bf2_data_out_imag_reg is absorbed into DSP SU1/MU/aibr.
DSP Report: operator SU1/MU/aibr is absorbed into DSP SU1/MU/aibr.
DSP Report: Generating DSP SU2/MU/arbr, operation Mode is: A2*B2.
DSP Report: register SU2/TW/ff_real_reg is absorbed into DSP SU2/MU/arbr.
DSP Report: register SU2/bf2_data_out_real_reg is absorbed into DSP SU2/MU/arbr.
DSP Report: operator SU2/MU/arbr is absorbed into DSP SU2/MU/arbr.
DSP Report: Generating DSP SU2/MU/aibi, operation Mode is: A2*B2.
DSP Report: register SU2/TW/ff_imag_reg is absorbed into DSP SU2/MU/aibi.
DSP Report: register SU2/bf2_data_out_imag_reg is absorbed into DSP SU2/MU/aibi.
DSP Report: operator SU2/MU/aibi is absorbed into DSP SU2/MU/aibi.
DSP Report: Generating DSP SU2/MU/arbi, operation Mode is: A2*B2.
DSP Report: register SU2/TW/ff_imag_reg is absorbed into DSP SU2/MU/arbi.
DSP Report: register SU2/bf2_data_out_real_reg is absorbed into DSP SU2/MU/arbi.
DSP Report: operator SU2/MU/arbi is absorbed into DSP SU2/MU/arbi.
DSP Report: Generating DSP SU2/MU/aibr, operation Mode is: A2*B2.
DSP Report: register SU2/TW/ff_real_reg is absorbed into DSP SU2/MU/aibr.
DSP Report: register SU2/bf2_data_out_imag_reg is absorbed into DSP SU2/MU/aibr.
DSP Report: operator SU2/MU/aibr is absorbed into DSP SU2/MU/aibr.
DSP Report: Generating DSP mult/real_prod0, operation Mode is: A*B.
DSP Report: operator mult/real_prod0 is absorbed into DSP mult/real_prod0.
DSP Report: operator mult/real_prod0 is absorbed into DSP mult/real_prod0.
DSP Report: Generating DSP mult/real_prod_reg, operation Mode is: (PCIN>>17)+A*B.
DSP Report: register mult/real_prod_reg is absorbed into DSP mult/real_prod_reg.
DSP Report: operator mult/real_prod0 is absorbed into DSP mult/real_prod_reg.
DSP Report: operator mult/real_prod0 is absorbed into DSP mult/real_prod_reg.
DSP Report: Generating DSP mult/real_prod0, operation Mode is: A*B.
DSP Report: operator mult/real_prod0 is absorbed into DSP mult/real_prod0.
DSP Report: operator mult/real_prod0 is absorbed into DSP mult/real_prod0.
DSP Report: Generating DSP mult/real_prod_reg, operation Mode is: (PCIN>>17)+A*B.
DSP Report: register mult/real_prod_reg is absorbed into DSP mult/real_prod_reg.
DSP Report: operator mult/real_prod0 is absorbed into DSP mult/real_prod_reg.
DSP Report: operator mult/real_prod0 is absorbed into DSP mult/real_prod_reg.
WARNING: [Synth 8-7129] Port BTNU in module Wrapper is either unconnected or has no load
WARNING: [Synth 8-7129] Port BTND in module Wrapper is either unconnected or has no load
WARNING: [Synth 8-7129] Port BTNL in module Wrapper is either unconnected or has no load
WARNING: [Synth 8-7129] Port BTNR in module Wrapper is either unconnected or has no load
WARNING: [Synth 8-7129] Port BTNC in module Wrapper is either unconnected or has no load
WARNING: [Synth 8-3332] Sequential element (mult/real_prod_reg[47]) is unused and will be removed from module multdiv.
WARNING: [Synth 8-3332] Sequential element (mult/real_prod_reg[46]) is unused and will be removed from module multdiv.
WARNING: [Synth 8-3332] Sequential element (mult/real_prod_reg[45]) is unused and will be removed from module multdiv.
WARNING: [Synth 8-3332] Sequential element (mult/real_prod_reg[44]) is unused and will be removed from module multdiv.
WARNING: [Synth 8-3332] Sequential element (mult/real_prod_reg[43]) is unused and will be removed from module multdiv.
WARNING: [Synth 8-3332] Sequential element (mult/real_prod_reg[42]) is unused and will be removed from module multdiv.
WARNING: [Synth 8-3332] Sequential element (mult/real_prod_reg[41]) is unused and will be removed from module multdiv.
WARNING: [Synth 8-3332] Sequential element (mult/real_prod_reg[40]) is unused and will be removed from module multdiv.
WARNING: [Synth 8-3332] Sequential element (mult/real_prod_reg[39]) is unused and will be removed from module multdiv.
WARNING: [Synth 8-3332] Sequential element (mult/real_prod_reg[38]) is unused and will be removed from module multdiv.
WARNING: [Synth 8-3332] Sequential element (mult/real_prod_reg[37]) is unused and will be removed from module multdiv.
WARNING: [Synth 8-3332] Sequential element (mult/real_prod_reg[36]) is unused and will be removed from module multdiv.
WARNING: [Synth 8-3332] Sequential element (mult/real_prod_reg[35]) is unused and will be removed from module multdiv.
WARNING: [Synth 8-3332] Sequential element (mult/real_prod_reg[34]) is unused and will be removed from module multdiv.
WARNING: [Synth 8-3332] Sequential element (mult/real_prod_reg[33]) is unused and will be removed from module multdiv.
WARNING: [Synth 8-3332] Sequential element (mult/real_prod_reg[32]) is unused and will be removed from module multdiv.
WARNING: [Synth 8-3332] Sequential element (mult/real_prod_reg[31]) is unused and will be removed from module multdiv.
WARNING: [Synth 8-3332] Sequential element (mult/real_prod_reg[30]) is unused and will be removed from module multdiv.
WARNING: [Synth 8-3332] Sequential element (mult/real_prod_reg[29]) is unused and will be removed from module multdiv.
WARNING: [Synth 8-3332] Sequential element (mult/real_prod_reg[28]) is unused and will be removed from module multdiv.
WARNING: [Synth 8-3332] Sequential element (mult/real_prod_reg[27]) is unused and will be removed from module multdiv.
WARNING: [Synth 8-3332] Sequential element (mult/real_prod_reg[26]) is unused and will be removed from module multdiv.
WARNING: [Synth 8-3332] Sequential element (mult/real_prod_reg[25]) is unused and will be removed from module multdiv.
WARNING: [Synth 8-3332] Sequential element (mult/real_prod_reg[24]) is unused and will be removed from module multdiv.
WARNING: [Synth 8-3332] Sequential element (mult/real_prod_reg[23]) is unused and will be removed from module multdiv.
WARNING: [Synth 8-3332] Sequential element (mult/real_prod_reg[22]) is unused and will be removed from module multdiv.
WARNING: [Synth 8-3332] Sequential element (mult/real_prod_reg[21]) is unused and will be removed from module multdiv.
WARNING: [Synth 8-3332] Sequential element (mult/real_prod_reg[20]) is unused and will be removed from module multdiv.
WARNING: [Synth 8-3332] Sequential element (mult/real_prod_reg[19]) is unused and will be removed from module multdiv.
WARNING: [Synth 8-3332] Sequential element (mult/real_prod_reg[18]) is unused and will be removed from module multdiv.
WARNING: [Synth 8-3332] Sequential element (mult/real_prod_reg[17]) is unused and will be removed from module multdiv.
WARNING: [Synth 8-3332] Sequential element (mult/real_prod_reg[47]__0) is unused and will be removed from module multdiv.
WARNING: [Synth 8-3332] Sequential element (mult/real_prod_reg[46]__0) is unused and will be removed from module multdiv.
WARNING: [Synth 8-3332] Sequential element (mult/real_prod_reg[45]__0) is unused and will be removed from module multdiv.
WARNING: [Synth 8-3332] Sequential element (mult/real_prod_reg[44]__0) is unused and will be removed from module multdiv.
WARNING: [Synth 8-3332] Sequential element (mult/real_prod_reg[43]__0) is unused and will be removed from module multdiv.
WARNING: [Synth 8-3332] Sequential element (mult/real_prod_reg[42]__0) is unused and will be removed from module multdiv.
WARNING: [Synth 8-3332] Sequential element (mult/real_prod_reg[41]__0) is unused and will be removed from module multdiv.
WARNING: [Synth 8-3332] Sequential element (mult/real_prod_reg[40]__0) is unused and will be removed from module multdiv.
WARNING: [Synth 8-3332] Sequential element (mult/real_prod_reg[39]__0) is unused and will be removed from module multdiv.
WARNING: [Synth 8-3332] Sequential element (mult/real_prod_reg[38]__0) is unused and will be removed from module multdiv.
WARNING: [Synth 8-3332] Sequential element (mult/real_prod_reg[37]__0) is unused and will be removed from module multdiv.
WARNING: [Synth 8-3332] Sequential element (mult/real_prod_reg[36]__0) is unused and will be removed from module multdiv.
WARNING: [Synth 8-3332] Sequential element (mult/real_prod_reg[35]__0) is unused and will be removed from module multdiv.
WARNING: [Synth 8-3332] Sequential element (mult/real_prod_reg[34]__0) is unused and will be removed from module multdiv.
WARNING: [Synth 8-3332] Sequential element (mult/real_prod_reg[33]__0) is unused and will be removed from module multdiv.
WARNING: [Synth 8-3332] Sequential element (mult/real_prod_reg[32]__0) is unused and will be removed from module multdiv.
WARNING: [Synth 8-3332] Sequential element (mult/real_prod_reg[31]__0) is unused and will be removed from module multdiv.
WARNING: [Synth 8-3332] Sequential element (mult/real_prod_reg[30]__0) is unused and will be removed from module multdiv.
WARNING: [Synth 8-3332] Sequential element (mult/real_prod_reg[29]__0) is unused and will be removed from module multdiv.
WARNING: [Synth 8-3332] Sequential element (mult/real_prod_reg[28]__0) is unused and will be removed from module multdiv.
WARNING: [Synth 8-3332] Sequential element (mult/real_prod_reg[27]__0) is unused and will be removed from module multdiv.
WARNING: [Synth 8-3332] Sequential element (mult/real_prod_reg[26]__0) is unused and will be removed from module multdiv.
WARNING: [Synth 8-3332] Sequential element (mult/real_prod_reg[25]__0) is unused and will be removed from module multdiv.
WARNING: [Synth 8-3332] Sequential element (mult/real_prod_reg[24]__0) is unused and will be removed from module multdiv.
WARNING: [Synth 8-3332] Sequential element (mult/real_prod_reg[23]__0) is unused and will be removed from module multdiv.
WARNING: [Synth 8-3332] Sequential element (mult/real_prod_reg[22]__0) is unused and will be removed from module multdiv.
WARNING: [Synth 8-3332] Sequential element (mult/real_prod_reg[21]__0) is unused and will be removed from module multdiv.
WARNING: [Synth 8-3332] Sequential element (mult/real_prod_reg[20]__0) is unused and will be removed from module multdiv.
WARNING: [Synth 8-3332] Sequential element (mult/real_prod_reg[19]__0) is unused and will be removed from module multdiv.
WARNING: [Synth 8-3332] Sequential element (mult/real_prod_reg[18]__0) is unused and will be removed from module multdiv.
WARNING: [Synth 8-3332] Sequential element (mult/real_prod_reg[17]__0) is unused and will be removed from module multdiv.
WARNING: [Synth 8-3332] Sequential element (mult/real_prod_reg[15]__0) is unused and will be removed from module multdiv.
WARNING: [Synth 8-3332] Sequential element (mult/real_prod_reg[14]__0) is unused and will be removed from module multdiv.
WARNING: [Synth 8-3332] Sequential element (mult/real_prod_reg[13]__0) is unused and will be removed from module multdiv.
WARNING: [Synth 8-3332] Sequential element (mult/real_prod_reg[12]__0) is unused and will be removed from module multdiv.
WARNING: [Synth 8-3332] Sequential element (mult/real_prod_reg[11]__0) is unused and will be removed from module multdiv.
WARNING: [Synth 8-3332] Sequential element (mult/real_prod_reg[10]__0) is unused and will be removed from module multdiv.
WARNING: [Synth 8-3332] Sequential element (mult/real_prod_reg[9]__0) is unused and will be removed from module multdiv.
WARNING: [Synth 8-3332] Sequential element (mult/real_prod_reg[8]__0) is unused and will be removed from module multdiv.
WARNING: [Synth 8-3332] Sequential element (mult/real_prod_reg[7]__0) is unused and will be removed from module multdiv.
WARNING: [Synth 8-3332] Sequential element (mult/real_prod_reg[6]__0) is unused and will be removed from module multdiv.
WARNING: [Synth 8-3332] Sequential element (mult/real_prod_reg[5]__0) is unused and will be removed from module multdiv.
WARNING: [Synth 8-3332] Sequential element (mult/real_prod_reg[4]__0) is unused and will be removed from module multdiv.
WARNING: [Synth 8-3332] Sequential element (mult/real_prod_reg[3]__0) is unused and will be removed from module multdiv.
WARNING: [Synth 8-3332] Sequential element (mult/real_prod_reg[2]__0) is unused and will be removed from module multdiv.
WARNING: [Synth 8-3332] Sequential element (mult/real_prod_reg[1]__0) is unused and will be removed from module multdiv.
WARNING: [Synth 8-3332] Sequential element (mult/real_prod_reg[0]__0) is unused and will be removed from module multdiv.
WARNING: [Synth 8-3332] Sequential element (mult/real_prod_reg[16]) is unused and will be removed from module multdiv.
WARNING: [Synth 8-3332] Sequential element (mult/real_prod_reg[15]) is unused and will be removed from module multdiv.
WARNING: [Synth 8-3332] Sequential element (mult/real_prod_reg[14]) is unused and will be removed from module multdiv.
WARNING: [Synth 8-3332] Sequential element (mult/real_prod_reg[13]) is unused and will be removed from module multdiv.
WARNING: [Synth 8-3332] Sequential element (mult/real_prod_reg[12]) is unused and will be removed from module multdiv.
WARNING: [Synth 8-3332] Sequential element (mult/real_prod_reg[11]) is unused and will be removed from module multdiv.
WARNING: [Synth 8-3332] Sequential element (mult/real_prod_reg[10]) is unused and will be removed from module multdiv.
WARNING: [Synth 8-3332] Sequential element (mult/real_prod_reg[9]) is unused and will be removed from module multdiv.
WARNING: [Synth 8-3332] Sequential element (mult/real_prod_reg[8]) is unused and will be removed from module multdiv.
WARNING: [Synth 8-3332] Sequential element (mult/real_prod_reg[7]) is unused and will be removed from module multdiv.
WARNING: [Synth 8-3332] Sequential element (mult/real_prod_reg[6]) is unused and will be removed from module multdiv.
WARNING: [Synth 8-3332] Sequential element (mult/real_prod_reg[5]) is unused and will be removed from module multdiv.
WARNING: [Synth 8-3332] Sequential element (mult/real_prod_reg[4]) is unused and will be removed from module multdiv.
WARNING: [Synth 8-3332] Sequential element (mult/real_prod_reg[3]) is unused and will be removed from module multdiv.
WARNING: [Synth 8-3332] Sequential element (mult/real_prod_reg[2]) is unused and will be removed from module multdiv.
WARNING: [Synth 8-3332] Sequential element (mult/real_prod_reg[1]) is unused and will be removed from module multdiv.
WARNING: [Synth 8-3332] Sequential element (mult/real_prod_reg[0]) is unused and will be removed from module multdiv.
WARNING: [Synth 8-3332] Sequential element (mult/real_prod_reg[16]__0) is unused and will be removed from module multdiv.
---------------------------------------------------------------------------------
Finished Cross Boundary and Area Optimization : Time (s): cpu = 00:03:43 ; elapsed = 00:04:11 . Memory (MB): peak = 1856.020 ; gain = 958.395
---------------------------------------------------------------------------------
 Sort Area is processor__GB2 mult/real_prod0_11 : 0 0 : 3101 5802 : Used 1 time 0
 Sort Area is processor__GB2 mult/real_prod0_11 : 0 1 : 2701 5802 : Used 1 time 0
 Sort Area is processor__GB2 mult/real_prod0_14 : 0 0 : 2634 5167 : Used 1 time 0
 Sort Area is processor__GB2 mult/real_prod0_14 : 0 1 : 2533 5167 : Used 1 time 0
 Sort Area is processor__GB2 SU1/MU/aibi_b : 0 0 : 1969 1969 : Used 1 time 0
 Sort Area is processor__GB2 SU1/MU/aibr_9 : 0 0 : 1969 1969 : Used 1 time 0
 Sort Area is processor__GB2 SU1/MU/arbi_a : 0 0 : 1969 1969 : Used 1 time 0
 Sort Area is processor__GB2 SU1/MU/arbr_c : 0 0 : 1969 1969 : Used 1 time 0
 Sort Area is processor__GB2 SU2/MU/aibi_d : 0 0 : 1969 1969 : Used 1 time 0
 Sort Area is processor__GB2 SU2/MU/aibr_f : 0 0 : 1969 1969 : Used 1 time 0
 Sort Area is processor__GB2 SU2/MU/arbi_10 : 0 0 : 1969 1969 : Used 1 time 0
 Sort Area is processor__GB2 SU2/MU/arbr_e : 0 0 : 1969 1969 : Used 1 time 0
 Sort Area is processor__GB1 U_IFFT/fwd_fft/SU1/MU/aibi_3 : 0 0 : 1969 1969 : Used 1 time 0
 Sort Area is processor__GB1 U_IFFT/fwd_fft/SU1/MU/aibr_0 : 0 0 : 1969 1969 : Used 1 time 0
 Sort Area is processor__GB1 U_IFFT/fwd_fft/SU1/MU/arbi_2 : 0 0 : 1969 1969 : Used 1 time 0
 Sort Area is processor__GB1 U_IFFT/fwd_fft/SU1/MU/arbr_4 : 0 0 : 1969 1969 : Used 1 time 0
 Sort Area is processor__GB1 U_IFFT/fwd_fft/SU2/MU/aibi_7 : 0 0 : 1969 1969 : Used 1 time 0
 Sort Area is processor__GB1 U_IFFT/fwd_fft/SU2/MU/aibr_5 : 0 0 : 1969 1969 : Used 1 time 0
 Sort Area is processor__GB1 U_IFFT/fwd_fft/SU2/MU/arbi_6 : 0 0 : 1969 1969 : Used 1 time 0
 Sort Area is processor__GB1 U_IFFT/fwd_fft/SU2/MU/arbr_8 : 0 0 : 1969 1969 : Used 1 time 0
---------------------------------------------------------------------------------
Start ROM, RAM, DSP, Shift Register and Retiming Reporting
---------------------------------------------------------------------------------

ROM: Preliminary Mapping Report
+------------+-------------------------------+---------------+----------------+
|Module Name | RTL Object                    | Depth x Width | Implemented As | 
+------------+-------------------------------+---------------+----------------+
|processor   | adc_data_out                  | 64x16         | LUT            | 
|Wrapper     | U_IFFT/fwd_fft/SU1/TW/tw_imag | 64x16         | LUT            | 
|Wrapper     | U_IFFT/fwd_fft/SU1/TW/tw_real | 64x16         | LUT            | 
|Wrapper     | U_IFFT/fwd_fft/SU2/TW/tw_imag | 64x16         | LUT            | 
|Wrapper     | U_IFFT/fwd_fft/SU2/TW/tw_real | 64x16         | LUT            | 
|sdf_fft     | SU1/TW/tw_real                | 64x16         | LUT            | 
|sdf_fft     | SU1/TW/tw_imag                | 64x16         | LUT            | 
|sdf_fft     | SU2/TW/tw_real                | 64x16         | LUT            | 
|sdf_fft     | SU2/TW/tw_imag                | 64x16         | LUT            | 
|Wrapper     | adc_data_out                  | 64x16         | LUT            | 
|Wrapper     | InstMem/dataOut_reg           | 4096x1        | Block RAM      | 
+------------+-------------------------------+---------------+----------------+


DSP: Preliminary Mapping Report (see note below. The ' indicates corresponding REG is set)
+------------+----------------+--------+--------+--------+--------+--------+------+------+------+------+-------+------+------+
|Module Name | DSP Mapping    | A Size | B Size | C Size | D Size | P Size | AREG | BREG | CREG | DREG | ADREG | MREG | PREG | 
+------------+----------------+--------+--------+--------+--------+--------+------+------+------+------+-------+------+------+
|Wrapper     | A2*B2          | 16     | 16     | -      | -      | 32     | 1    | 1    | -    | -    | -     | 0    | 0    | 
|Wrapper     | A2*B2          | 16     | 16     | -      | -      | 32     | 1    | 1    | -    | -    | -     | 0    | 0    | 
|Wrapper     | A2*B2          | 16     | 16     | -      | -      | 32     | 1    | 1    | -    | -    | -     | 0    | 0    | 
|Wrapper     | A2*B2          | 16     | 16     | -      | -      | 32     | 1    | 1    | -    | -    | -     | 0    | 0    | 
|Wrapper     | A2*B2          | 16     | 16     | -      | -      | 32     | 1    | 1    | -    | -    | -     | 0    | 0    | 
|Wrapper     | A2*B2          | 16     | 16     | -      | -      | 32     | 1    | 1    | -    | -    | -     | 0    | 0    | 
|Wrapper     | A2*B2          | 16     | 16     | -      | -      | 32     | 1    | 1    | -    | -    | -     | 0    | 0    | 
|Wrapper     | A2*B2          | 16     | 16     | -      | -      | 32     | 1    | 1    | -    | -    | -     | 0    | 0    | 
|sdf_fft     | A2*B2          | 16     | 16     | -      | -      | 32     | 1    | 1    | -    | -    | -     | 0    | 0    | 
|sdf_fft     | A2*B2          | 16     | 16     | -      | -      | 32     | 1    | 1    | -    | -    | -     | 0    | 0    | 
|sdf_fft     | A2*B2          | 16     | 16     | -      | -      | 32     | 1    | 1    | -    | -    | -     | 0    | 0    | 
|sdf_fft     | A2*B2          | 16     | 16     | -      | -      | 32     | 1    | 1    | -    | -    | -     | 0    | 0    | 
|sdf_fft     | A2*B2          | 16     | 16     | -      | -      | 32     | 1    | 1    | -    | -    | -     | 0    | 0    | 
|sdf_fft     | A2*B2          | 16     | 16     | -      | -      | 32     | 1    | 1    | -    | -    | -     | 0    | 0    | 
|sdf_fft     | A2*B2          | 16     | 16     | -      | -      | 32     | 1    | 1    | -    | -    | -     | 0    | 0    | 
|sdf_fft     | A2*B2          | 16     | 16     | -      | -      | 32     | 1    | 1    | -    | -    | -     | 0    | 0    | 
|multdiv     | A*B            | 18     | 15     | -      | -      | 48     | 0    | 0    | -    | -    | -     | 0    | 0    | 
|multdiv     | (PCIN>>17)+A*B | 15     | 15     | -      | -      | 48     | 0    | 0    | -    | -    | -     | 0    | 1    | 
|multdiv     | A*B            | 18     | 18     | -      | -      | 48     | 0    | 0    | -    | -    | -     | 0    | 0    | 
|multdiv     | (PCIN>>17)+A*B | 18     | 15     | -      | -      | 48     | 0    | 0    | -    | -    | -     | 0    | 1    | 
+------------+----------------+--------+--------+--------+--------+--------+------+------+------+------+-------+------+------+

Note: The table above is a preliminary report that shows the DSPs inferred at the current stage of the synthesis flow. Some DSP may be reimplemented as non DSP primitives later in the synthesis flow. Multiple instantiated DSPs are reported only once.
---------------------------------------------------------------------------------
Finished ROM, RAM, DSP, Shift Register and Retiming Reporting
---------------------------------------------------------------------------------
---------------------------------------------------------------------------------
Start Applying XDC Timing Constraints
---------------------------------------------------------------------------------
---------------------------------------------------------------------------------
Finished Applying XDC Timing Constraints : Time (s): cpu = 00:03:46 ; elapsed = 00:04:15 . Memory (MB): peak = 1856.020 ; gain = 958.395
---------------------------------------------------------------------------------
---------------------------------------------------------------------------------
Start Timing Optimization
---------------------------------------------------------------------------------
---------------------------------------------------------------------------------
Finished Timing Optimization : Time (s): cpu = 00:03:47 ; elapsed = 00:04:16 . Memory (MB): peak = 1856.020 ; gain = 958.395
---------------------------------------------------------------------------------
---------------------------------------------------------------------------------
Start Technology Mapping
---------------------------------------------------------------------------------
---------------------------------------------------------------------------------
Finished Technology Mapping : Time (s): cpu = 00:03:47 ; elapsed = 00:04:16 . Memory (MB): peak = 1856.020 ; gain = 958.395
---------------------------------------------------------------------------------
---------------------------------------------------------------------------------
Start IO Insertion
---------------------------------------------------------------------------------
---------------------------------------------------------------------------------
Start Flattening Before IO Insertion
---------------------------------------------------------------------------------
---------------------------------------------------------------------------------
Finished Flattening Before IO Insertion
---------------------------------------------------------------------------------
---------------------------------------------------------------------------------
Start Final Netlist Cleanup
---------------------------------------------------------------------------------
---------------------------------------------------------------------------------
Finished Final Netlist Cleanup
---------------------------------------------------------------------------------
---------------------------------------------------------------------------------
Finished IO Insertion : Time (s): cpu = 00:03:50 ; elapsed = 00:04:19 . Memory (MB): peak = 1856.020 ; gain = 958.395
---------------------------------------------------------------------------------
---------------------------------------------------------------------------------
Start Renaming Generated Instances
---------------------------------------------------------------------------------
---------------------------------------------------------------------------------
Finished Renaming Generated Instances : Time (s): cpu = 00:03:50 ; elapsed = 00:04:19 . Memory (MB): peak = 1856.020 ; gain = 958.395
---------------------------------------------------------------------------------
---------------------------------------------------------------------------------
Start Rebuilding User Hierarchy
---------------------------------------------------------------------------------
---------------------------------------------------------------------------------
Finished Rebuilding User Hierarchy : Time (s): cpu = 00:03:50 ; elapsed = 00:04:19 . Memory (MB): peak = 1856.020 ; gain = 958.395
---------------------------------------------------------------------------------
---------------------------------------------------------------------------------
Start Renaming Generated Ports
---------------------------------------------------------------------------------
---------------------------------------------------------------------------------
Finished Renaming Generated Ports : Time (s): cpu = 00:03:50 ; elapsed = 00:04:19 . Memory (MB): peak = 1856.020 ; gain = 958.395
---------------------------------------------------------------------------------
---------------------------------------------------------------------------------
Start Handling Custom Attributes
---------------------------------------------------------------------------------
---------------------------------------------------------------------------------
Finished Handling Custom Attributes : Time (s): cpu = 00:03:50 ; elapsed = 00:04:19 . Memory (MB): peak = 1856.020 ; gain = 958.395
---------------------------------------------------------------------------------
---------------------------------------------------------------------------------
Start Renaming Generated Nets
---------------------------------------------------------------------------------
---------------------------------------------------------------------------------
Finished Renaming Generated Nets : Time (s): cpu = 00:03:50 ; elapsed = 00:04:19 . Memory (MB): peak = 1856.020 ; gain = 958.395
---------------------------------------------------------------------------------
---------------------------------------------------------------------------------
Start Writing Synthesis Report
---------------------------------------------------------------------------------

Report BlackBoxes: 
+------+--------------+----------+
|      |BlackBox name |Instances |
+------+--------------+----------+
|1     |clk_wiz_0     |         1|
|2     |xadc_wiz_0    |         1|
+------+--------------+----------+

Report Cell Usage: 
+------+---------+------+
|      |Cell     |Count |
+------+---------+------+
|1     |clk_wiz  |     1|
|2     |xadc_wiz |     1|
|3     |FDRE     |    32|
|4     |IBUF     |     2|
|5     |OBUF     |    16|
+------+---------+------+
---------------------------------------------------------------------------------
Finished Writing Synthesis Report : Time (s): cpu = 00:03:50 ; elapsed = 00:04:19 . Memory (MB): peak = 1856.020 ; gain = 958.395
---------------------------------------------------------------------------------
Synthesis finished with 0 errors, 0 critical warnings and 103 warnings.
Synthesis Optimization Runtime : Time (s): cpu = 00:03:35 ; elapsed = 00:04:11 . Memory (MB): peak = 1856.020 ; gain = 831.773
Synthesis Optimization Complete : Time (s): cpu = 00:03:50 ; elapsed = 00:04:19 . Memory (MB): peak = 1856.020 ; gain = 958.395
INFO: [Project 1-571] Translating synthesized netlist
Netlist sorting complete. Time (s): cpu = 00:00:00 ; elapsed = 00:00:00 . Memory (MB): peak = 1856.020 ; gain = 0.000
INFO: [Project 1-570] Preparing netlist for logic optimization
INFO: [Opt 31-138] Pushed 0 inverter(s) to 0 load pin(s).
Netlist sorting complete. Time (s): cpu = 00:00:00 ; elapsed = 00:00:00 . Memory (MB): peak = 1856.020 ; gain = 0.000
INFO: [Project 1-111] Unisim Transformation Summary:
No Unisim elements were transformed.

The system cannot find the path specified.
Synth Design complete | Checksum: df053435
INFO: [Common 17-83] Releasing license: Synthesis
113 Infos, 140 Warnings, 0 Critical Warnings and 0 Errors encountered.
synth_design completed successfully
synth_design: Time (s): cpu = 00:03:54 ; elapsed = 00:04:23 . Memory (MB): peak = 1856.020 ; gain = 1368.652
Write ShapeDB Complete: Time (s): cpu = 00:00:00 ; elapsed = 00:00:00.004 . Memory (MB): peak = 1856.020 ; gain = 0.000
INFO: [Common 17-1381] The checkpoint 'C:/DUKE/ECE350/ECE350-CPU/adc/adc.runs/synth_1/Wrapper.dcp' has been generated.
INFO: [runtcl-4] Executing : report_utilization -file Wrapper_utilization_synth.rpt -pb Wrapper_utilization_synth.pb
INFO: [Common 17-206] Exiting Vivado at Sat Apr 19 22:08:16 2025...
